2019-11-01 21:19:39 INFO  ApacheHttpClient.sendEvent(516) - responseCode = 200
2019-11-01 21:20:39 INFO  ApacheHttpClient.sendEvent(516) - responseCode = 200
2019-11-01 21:21:39 INFO  ApacheHttpClient.sendEvent(516) - responseCode = 200
2019-11-01 21:22:39 INFO  ApacheHttpClient.sendEvent(516) - responseCode = 200
2019-11-01 21:23:39 INFO  ApacheHttpClient.sendEvent(516) - responseCode = 200
2019-11-01 21:24:39 INFO  ApacheHttpClient.sendEvent(516) - responseCode = 200
2019-11-01 21:25:39 INFO  ApacheHttpClient.sendEvent(516) - responseCode = 200
2019-11-01 21:26:39 INFO  ApacheHttpClient.sendEvent(516) - responseCode = 200
2019-11-01 21:27:39 INFO  ApacheHttpClient.sendEvent(516) - responseCode = 200
2019-11-01 21:28:39 INFO  ApacheHttpClient.sendEvent(516) - responseCode = 200
2019-11-01 21:29:39 INFO  ApacheHttpClient.sendEvent(516) - responseCode = 200
2019-11-01 21:30:39 INFO  ApacheHttpClient.sendEvent(516) - responseCode = 200
2019-11-01 21:31:39 INFO  ApacheHttpClient.sendEvent(516) - responseCode = 200
2019-11-01 21:32:39 INFO  ApacheHttpClient.sendEvent(516) - responseCode = 200
2019-11-01 21:33:39 INFO  ApacheHttpClient.sendEvent(516) - responseCode = 200
2019-11-01 21:34:39 INFO  ApacheHttpClient.sendEvent(516) - responseCode = 200
2019-11-01 21:35:39 INFO  ApacheHttpClient.sendEvent(516) - responseCode = 200
2019-11-01 21:36:39 INFO  ApacheHttpClient.sendEvent(516) - responseCode = 200
2019-11-01 21:37:39 INFO  ApacheHttpClient.sendEvent(516) - responseCode = 200
2019-11-01 21:38:39 INFO  ApacheHttpClient.sendEvent(516) - responseCode = 200
2019-11-01 21:39:39 INFO  ApacheHttpClient.sendEvent(516) - responseCode = 200
2019-11-01 21:40:39 INFO  ApacheHttpClient.sendEvent(516) - responseCode = 200
2019-11-01 21:41:39 INFO  ApacheHttpClient.sendEvent(516) - responseCode = 200
2019-11-01 21:42:39 INFO  ApacheHttpClient.sendEvent(516) - responseCode = 200
2019-11-01 21:43:39 INFO  ApacheHttpClient.sendEvent(516) - responseCode = 200
2019-11-01 21:44:39 INFO  ApacheHttpClient.sendEvent(516) - responseCode = 200
2019-11-01 21:45:39 INFO  ApacheHttpClient.sendEvent(516) - responseCode = 200
2019-11-01 21:46:39 INFO  ApacheHttpClient.sendEvent(516) - responseCode = 200
2019-11-01 21:47:39 INFO  ApacheHttpClient.sendEvent(516) - responseCode = 200
2019-11-01 21:48:39 INFO  ApacheHttpClient.sendEvent(516) - responseCode = 200
2019-11-01 21:49:39 INFO  ApacheHttpClient.sendEvent(516) - responseCode = 200
2019-11-01 21:50:39 INFO  ApacheHttpClient.sendEvent(516) - responseCode = 200
2019-11-01 21:51:39 INFO  ApacheHttpClient.sendEvent(516) - responseCode = 200
2019-11-01 21:52:39 INFO  ApacheHttpClient.sendEvent(516) - responseCode = 200
2019-11-01 21:53:39 INFO  ApacheHttpClient.sendEvent(516) - responseCode = 200
2019-11-01 21:54:39 INFO  ApacheHttpClient.sendEvent(516) - responseCode = 200
2019-11-01 21:55:39 INFO  ApacheHttpClient.sendEvent(516) - responseCode = 200
2019-11-01 21:56:39 INFO  ApacheHttpClient.sendEvent(516) - responseCode = 200
2019-11-01 21:57:39 INFO  ApacheHttpClient.sendEvent(516) - responseCode = 200
2019-11-01 21:58:39 INFO  ApacheHttpClient.sendEvent(516) - responseCode = 200
2019-11-01 21:59:39 INFO  ApacheHttpClient.sendEvent(516) - responseCode = 200
2019-11-01 22:00:39 INFO  ApacheHttpClient.sendEvent(516) - responseCode = 200
2019-11-01 22:01:39 INFO  ApacheHttpClient.sendEvent(516) - responseCode = 200
2019-11-01 22:02:39 INFO  ApacheHttpClient.sendEvent(516) - responseCode = 200
2019-11-01 22:03:39 INFO  ApacheHttpClient.sendEvent(516) - responseCode = 200
2019-11-01 22:04:39 INFO  ApacheHttpClient.sendEvent(516) - responseCode = 200
2019-11-01 22:05:39 INFO  ApacheHttpClient.sendEvent(516) - responseCode = 200
2019-11-01 22:06:39 INFO  ApacheHttpClient.sendEvent(516) - responseCode = 200
2019-11-01 22:07:39 INFO  ApacheHttpClient.sendEvent(516) - responseCode = 200
2019-11-01 22:08:39 INFO  ApacheHttpClient.sendEvent(516) - responseCode = 200
2019-11-01 22:09:39 INFO  ApacheHttpClient.sendEvent(516) - responseCode = 200
2019-11-01 22:10:39 INFO  ApacheHttpClient.sendEvent(516) - responseCode = 200
2019-11-01 22:11:39 INFO  ApacheHttpClient.sendEvent(516) - responseCode = 200
2019-11-01 22:12:39 INFO  ApacheHttpClient.sendEvent(516) - responseCode = 200
2019-11-01 22:13:39 INFO  ApacheHttpClient.sendEvent(516) - responseCode = 200
2019-11-01 22:14:39 INFO  ApacheHttpClient.sendEvent(516) - responseCode = 200
2019-11-01 22:15:39 INFO  ApacheHttpClient.sendEvent(516) - responseCode = 200
2019-11-01 22:16:39 INFO  ApacheHttpClient.sendEvent(516) - responseCode = 200
2019-11-01 22:17:39 INFO  ApacheHttpClient.sendEvent(516) - responseCode = 200
2019-11-01 22:18:39 INFO  ApacheHttpClient.sendEvent(516) - responseCode = 200
2019-11-01 22:19:39 INFO  ApacheHttpClient.sendEvent(516) - responseCode = 200
2019-11-01 22:20:39 INFO  ApacheHttpClient.sendEvent(516) - responseCode = 200
2019-11-01 22:21:39 INFO  ApacheHttpClient.sendEvent(516) - responseCode = 200
2019-11-01 22:22:39 INFO  ApacheHttpClient.sendEvent(516) - responseCode = 200
2019-11-01 22:23:39 INFO  ApacheHttpClient.sendEvent(516) - responseCode = 200
2019-11-01 22:24:39 INFO  ApacheHttpClient.sendEvent(516) - responseCode = 200
2019-11-01 22:25:39 INFO  ApacheHttpClient.sendEvent(516) - responseCode = 200
2019-11-01 22:26:39 INFO  ApacheHttpClient.sendEvent(516) - responseCode = 200
2019-11-01 22:27:39 INFO  ApacheHttpClient.sendEvent(516) - responseCode = 200
2019-11-01 22:28:39 INFO  ApacheHttpClient.sendEvent(516) - responseCode = 200
2019-11-01 22:29:39 INFO  ApacheHttpClient.sendEvent(516) - responseCode = 200
2019-11-01 22:30:39 INFO  ApacheHttpClient.sendEvent(516) - responseCode = 200
2019-11-01 22:31:39 INFO  ApacheHttpClient.sendEvent(516) - responseCode = 200
2019-11-01 22:32:39 INFO  ApacheHttpClient.sendEvent(516) - responseCode = 200
2019-11-01 22:33:39 INFO  ApacheHttpClient.sendEvent(516) - responseCode = 200
2019-11-01 22:34:39 INFO  ApacheHttpClient.sendEvent(516) - responseCode = 200
2019-11-01 22:35:39 INFO  ApacheHttpClient.sendEvent(516) - responseCode = 200
2019-11-01 22:36:39 INFO  ApacheHttpClient.sendEvent(516) - responseCode = 200
2019-11-01 22:37:39 INFO  ApacheHttpClient.sendEvent(516) - responseCode = 200
2019-11-01 22:38:39 INFO  ApacheHttpClient.sendEvent(516) - responseCode = 200
2019-11-01 22:39:39 INFO  ApacheHttpClient.sendEvent(516) - responseCode = 200
2019-11-01 22:40:39 INFO  ApacheHttpClient.sendEvent(516) - responseCode = 200
2019-11-01 22:41:39 INFO  ApacheHttpClient.sendEvent(516) - responseCode = 200
2019-11-01 22:42:39 INFO  ApacheHttpClient.sendEvent(516) - responseCode = 200
2019-11-01 22:43:39 INFO  ApacheHttpClient.sendEvent(516) - responseCode = 200
2019-11-01 22:44:39 INFO  ApacheHttpClient.sendEvent(516) - responseCode = 200
2019-11-01 22:45:39 INFO  ApacheHttpClient.sendEvent(516) - responseCode = 200
2019-11-01 22:46:39 INFO  ApacheHttpClient.sendEvent(516) - responseCode = 200
2019-11-01 22:47:39 INFO  ApacheHttpClient.sendEvent(516) - responseCode = 200
2019-11-01 22:48:39 INFO  ApacheHttpClient.sendEvent(516) - responseCode = 200
2019-11-01 22:49:39 INFO  ApacheHttpClient.sendEvent(516) - responseCode = 200
2019-11-01 22:50:39 INFO  ApacheHttpClient.sendEvent(516) - responseCode = 200
2019-11-01 22:51:39 INFO  ApacheHttpClient.sendEvent(516) - responseCode = 200
2019-11-01 22:52:39 INFO  ApacheHttpClient.sendEvent(516) - responseCode = 200
2019-11-01 22:53:39 INFO  ApacheHttpClient.sendEvent(516) - responseCode = 200
2019-11-01 22:54:39 INFO  ApacheHttpClient.sendEvent(516) - responseCode = 200
2019-11-01 22:55:39 INFO  ApacheHttpClient.sendEvent(516) - responseCode = 200
2019-11-01 22:56:39 INFO  ApacheHttpClient.sendEvent(516) - responseCode = 200
2019-11-01 22:57:39 INFO  ApacheHttpClient.sendEvent(516) - responseCode = 200
2019-11-01 22:58:39 INFO  ApacheHttpClient.sendEvent(516) - responseCode = 200
2019-11-01 22:59:39 INFO  ApacheHttpClient.sendEvent(516) - responseCode = 200
2019-11-01 23:00:39 INFO  ApacheHttpClient.sendEvent(516) - responseCode = 200
2019-11-01 23:01:39 INFO  ApacheHttpClient.sendEvent(516) - responseCode = 200
2019-11-01 23:02:39 INFO  ApacheHttpClient.sendEvent(516) - responseCode = 200
2019-11-01 23:03:39 INFO  ApacheHttpClient.sendEvent(516) - responseCode = 200
2019-11-01 23:04:39 INFO  ApacheHttpClient.sendEvent(516) - responseCode = 200
2019-11-01 23:05:39 INFO  ApacheHttpClient.sendEvent(516) - responseCode = 200
2019-11-01 23:06:24 INFO  PluginTasksProjectComponent.projectClosing(188) - ---------- Project closed ----------

2019-11-01 23:06:24 INFO  ApacheHttpClient.getTask(469) - responseCode = 200
2019-11-03 13:10:48 INFO  PluginTasksProjectComponent.projectOpened(77) - ---------- Project opened ----------
2019-11-03 13:10:48 INFO  PluginTasksProjectComponent.projectOpened(78) - ---------- Version 3.35 ----------

2019-11-03 13:10:48 INFO  ApacheHttpClient.createAsyncHttpClient(133) - 1 proxies selected. Type: DIRECT
2019-11-03 13:10:49 INFO  ApacheHttpClient.<init>(91) - ApacheHttpClient was successfully instantiated.
2019-11-03 13:10:50 INFO  ApacheHttpClient.testConnection(191) - responseCode = 200
2019-11-03 13:10:50 INFO  ApacheHttpClient.testConnection(206) - result = true
2019-11-03 13:10:50 INFO  ApacheHttpClient.isSessionAppropriateWithSecretKey(583) - Waiting for server response.
2019-11-03 13:10:52 INFO  ApacheHttpClient.refreshUserInfo(291) - responseCode = 200
2019-11-03 13:10:52 INFO  ApacheHttpClient.refreshUserInfo(297) - User information received.
2019-11-03 13:10:52 INFO  ApacheHttpClient.startGA(35) - GAService started.
2019-11-03 13:10:52 INFO  AbstractRestApiClient.startService(71) - EventsService started.
2019-11-03 13:11:20 INFO  ApacheHttpClient.getWebResourceAsStream(483) - responseCode = 200
2019-11-03 13:11:52 INFO  ApacheHttpClient.sendEvent(516) - responseCode = 200
2019-11-03 13:12:52 INFO  ApacheHttpClient.sendEvent(516) - responseCode = 200
2019-11-03 13:13:52 INFO  ApacheHttpClient.sendEvent(516) - responseCode = 200
2019-11-03 13:14:52 INFO  ApacheHttpClient.sendEvent(516) - responseCode = 200
2019-11-03 13:15:55 INFO  ApacheHttpClient.sendEvent(516) - responseCode = 200
2019-11-03 13:16:52 INFO  ApacheHttpClient.sendEvent(516) - responseCode = 200
2019-11-03 13:17:52 INFO  ApacheHttpClient.sendEvent(516) - responseCode = 200
2019-11-03 13:18:52 INFO  ApacheHttpClient.sendEvent(516) - responseCode = 200
2019-11-03 13:19:52 INFO  ApacheHttpClient.sendEvent(516) - responseCode = 200
2019-11-03 13:20:52 INFO  ApacheHttpClient.sendEvent(516) - responseCode = 200
2019-11-03 13:21:52 INFO  ApacheHttpClient.sendEvent(516) - responseCode = 200
2019-11-03 13:22:52 INFO  ApacheHttpClient.sendEvent(516) - responseCode = 200
2019-11-03 13:23:52 INFO  ApacheHttpClient.sendEvent(516) - responseCode = 200
2019-11-03 13:24:52 INFO  ApacheHttpClient.sendEvent(516) - responseCode = 200
2019-11-03 13:25:52 INFO  ApacheHttpClient.sendEvent(516) - responseCode = 200
2019-11-03 13:26:52 INFO  ApacheHttpClient.sendEvent(516) - responseCode = 200
2019-11-03 13:27:52 INFO  ApacheHttpClient.sendEvent(516) - responseCode = 200
2019-11-03 13:28:52 INFO  ApacheHttpClient.sendEvent(516) - responseCode = 200
2019-11-03 13:29:52 INFO  ApacheHttpClient.sendEvent(516) - responseCode = 200
2019-11-03 13:30:52 INFO  ApacheHttpClient.sendEvent(516) - responseCode = 200
2019-11-03 13:31:52 INFO  ApacheHttpClient.sendEvent(516) - responseCode = 200
2019-11-03 13:32:52 INFO  ApacheHttpClient.sendEvent(516) - responseCode = 200
2019-11-03 13:33:52 INFO  ApacheHttpClient.sendEvent(516) - responseCode = 200
2019-11-03 13:34:52 INFO  ApacheHttpClient.sendEvent(516) - responseCode = 200
2019-11-03 13:35:52 INFO  ApacheHttpClient.sendEvent(516) - responseCode = 200
2019-11-03 13:36:52 INFO  ApacheHttpClient.sendEvent(516) - responseCode = 200
2019-11-03 13:37:52 INFO  ApacheHttpClient.sendEvent(516) - responseCode = 200
2019-11-03 13:38:52 INFO  ApacheHttpClient.sendEvent(516) - responseCode = 200
2019-11-03 13:39:52 INFO  ApacheHttpClient.sendEvent(516) - responseCode = 200
2019-11-03 13:40:52 INFO  ApacheHttpClient.sendEvent(516) - responseCode = 200
2019-11-03 13:41:52 INFO  ApacheHttpClient.sendEvent(516) - responseCode = 200
2019-11-03 13:42:52 INFO  ApacheHttpClient.sendEvent(516) - responseCode = 200
2019-11-03 13:43:52 INFO  ApacheHttpClient.sendEvent(516) - responseCode = 200
2019-11-03 13:44:52 INFO  ApacheHttpClient.sendEvent(516) - responseCode = 200
2019-11-03 13:45:52 INFO  ApacheHttpClient.sendEvent(516) - responseCode = 200
2019-11-03 13:46:52 INFO  ApacheHttpClient.sendEvent(516) - responseCode = 200
2019-11-03 13:47:52 INFO  ApacheHttpClient.sendEvent(516) - responseCode = 200
2019-11-03 13:48:52 INFO  ApacheHttpClient.sendEvent(516) - responseCode = 200
2019-11-03 13:49:52 INFO  ApacheHttpClient.sendEvent(516) - responseCode = 200
2019-11-03 13:50:52 INFO  ApacheHttpClient.sendEvent(516) - responseCode = 200
2019-11-03 13:51:52 INFO  ApacheHttpClient.sendEvent(516) - responseCode = 200
2019-11-03 13:52:52 INFO  ApacheHttpClient.sendEvent(516) - responseCode = 200
2019-11-03 13:53:52 INFO  ApacheHttpClient.sendEvent(516) - responseCode = 200
2019-11-03 13:54:52 INFO  ApacheHttpClient.sendEvent(516) - responseCode = 200
2019-11-03 13:55:52 INFO  ApacheHttpClient.sendEvent(516) - responseCode = 200
2019-11-03 13:56:52 INFO  ApacheHttpClient.sendEvent(516) - responseCode = 200
2019-11-03 13:57:52 INFO  ApacheHttpClient.sendEvent(516) - responseCode = 200
2019-11-03 13:58:52 INFO  ApacheHttpClient.sendEvent(516) - responseCode = 200
2019-11-03 13:59:52 INFO  ApacheHttpClient.sendEvent(516) - responseCode = 200
2019-11-03 14:00:52 INFO  ApacheHttpClient.sendEvent(516) - responseCode = 200
2019-11-03 14:01:52 INFO  ApacheHttpClient.sendEvent(516) - responseCode = 200
2019-11-03 14:02:52 INFO  ApacheHttpClient.sendEvent(516) - responseCode = 200
2019-11-03 14:03:52 INFO  ApacheHttpClient.sendEvent(516) - responseCode = 200
2019-11-03 14:04:52 INFO  ApacheHttpClient.sendEvent(516) - responseCode = 200
2019-11-03 14:05:52 INFO  ApacheHttpClient.sendEvent(516) - responseCode = 200
2019-11-03 14:06:52 INFO  ApacheHttpClient.sendEvent(516) - responseCode = 200
2019-11-03 14:07:52 INFO  ApacheHttpClient.sendEvent(516) - responseCode = 200
2019-11-03 14:08:52 INFO  ApacheHttpClient.sendEvent(516) - responseCode = 200
2019-11-03 14:09:52 INFO  ApacheHttpClient.sendEvent(516) - responseCode = 200
2019-11-03 14:10:52 INFO  ApacheHttpClient.sendEvent(516) - responseCode = 200
2019-11-03 14:11:52 INFO  ApacheHttpClient.sendEvent(516) - responseCode = 200
2019-11-03 14:12:52 INFO  ApacheHttpClient.sendEvent(516) - responseCode = 200
2019-11-03 14:13:52 INFO  ApacheHttpClient.sendEvent(516) - responseCode = 200
2019-11-03 14:14:52 INFO  ApacheHttpClient.sendEvent(516) - responseCode = 200
2019-11-03 14:15:52 INFO  ApacheHttpClient.sendEvent(516) - responseCode = 200
2019-11-03 14:16:52 INFO  ApacheHttpClient.sendEvent(516) - responseCode = 200
2019-11-03 14:17:52 INFO  ApacheHttpClient.sendEvent(516) - responseCode = 200
2019-11-03 14:18:52 INFO  ApacheHttpClient.sendEvent(516) - responseCode = 200
2019-11-03 14:19:52 INFO  ApacheHttpClient.sendEvent(516) - responseCode = 200
2019-11-03 14:20:52 INFO  ApacheHttpClient.sendEvent(516) - responseCode = 200
2019-11-03 14:21:52 INFO  ApacheHttpClient.sendEvent(516) - responseCode = 200
2019-11-03 14:22:52 INFO  ApacheHttpClient.sendEvent(516) - responseCode = 200
2019-11-03 14:23:52 INFO  ApacheHttpClient.sendEvent(516) - responseCode = 200
2019-11-03 14:24:52 INFO  ApacheHttpClient.sendEvent(516) - responseCode = 200
2019-11-03 14:25:52 INFO  ApacheHttpClient.sendEvent(516) - responseCode = 200
2019-11-03 14:26:52 INFO  ApacheHttpClient.sendEvent(516) - responseCode = 200
2019-11-03 14:27:52 INFO  ApacheHttpClient.sendEvent(516) - responseCode = 200
2019-11-03 14:28:52 INFO  ApacheHttpClient.sendEvent(516) - responseCode = 200
2019-11-03 14:29:52 INFO  ApacheHttpClient.sendEvent(516) - responseCode = 200
2019-11-03 14:30:52 INFO  ApacheHttpClient.sendEvent(516) - responseCode = 200
2019-11-03 14:31:52 INFO  ApacheHttpClient.sendEvent(516) - responseCode = 200
2019-11-03 14:32:52 INFO  ApacheHttpClient.sendEvent(516) - responseCode = 200
2019-11-03 14:33:52 INFO  ApacheHttpClient.sendEvent(516) - responseCode = 200
2019-11-03 14:34:52 INFO  ApacheHttpClient.sendEvent(516) - responseCode = 200
2019-11-03 14:35:52 INFO  ApacheHttpClient.sendEvent(516) - responseCode = 200
2019-11-03 14:36:52 INFO  ApacheHttpClient.sendEvent(516) - responseCode = 200
2019-11-03 14:37:52 INFO  ApacheHttpClient.sendEvent(516) - responseCode = 200
2019-11-03 14:38:52 INFO  ApacheHttpClient.sendEvent(516) - responseCode = 200
2019-11-03 14:39:52 INFO  ApacheHttpClient.sendEvent(516) - responseCode = 200
2019-11-03 14:40:52 INFO  ApacheHttpClient.sendEvent(516) - responseCode = 200
2019-11-03 14:41:52 INFO  ApacheHttpClient.sendEvent(516) - responseCode = 200
2019-11-03 14:42:52 INFO  ApacheHttpClient.sendEvent(516) - responseCode = 200
2019-11-03 14:43:52 INFO  ApacheHttpClient.sendEvent(516) - responseCode = 200
2019-11-03 14:44:52 INFO  ApacheHttpClient.sendEvent(516) - responseCode = 200
2019-11-03 14:45:52 INFO  ApacheHttpClient.sendEvent(516) - responseCode = 200
2019-11-03 14:46:52 INFO  ApacheHttpClient.sendEvent(516) - responseCode = 200
2019-11-03 14:47:52 INFO  ApacheHttpClient.sendEvent(516) - responseCode = 200
2019-11-03 14:48:52 INFO  ApacheHttpClient.sendEvent(516) - responseCode = 200
2019-11-03 14:49:52 INFO  ApacheHttpClient.sendEvent(516) - responseCode = 200
2019-11-03 14:50:52 INFO  ApacheHttpClient.sendEvent(516) - responseCode = 200
2019-11-03 14:51:52 INFO  ApacheHttpClient.sendEvent(516) - responseCode = 200
2019-11-03 14:52:52 INFO  ApacheHttpClient.sendEvent(516) - responseCode = 200
2019-11-03 14:53:52 INFO  ApacheHttpClient.sendEvent(516) - responseCode = 200
2019-11-03 14:54:52 INFO  ApacheHttpClient.sendEvent(516) - responseCode = 200
2019-11-03 14:55:52 INFO  ApacheHttpClient.sendEvent(516) - responseCode = 200
2019-11-03 14:56:52 INFO  ApacheHttpClient.sendEvent(516) - responseCode = 200
2019-11-03 14:57:52 INFO  ApacheHttpClient.sendEvent(516) - responseCode = 200
2019-11-03 14:58:52 INFO  ApacheHttpClient.sendEvent(516) - responseCode = 200
2019-11-03 14:59:52 INFO  ApacheHttpClient.sendEvent(516) - responseCode = 200
2019-11-03 15:00:52 INFO  ApacheHttpClient.sendEvent(516) - responseCode = 200
2019-11-03 15:01:52 INFO  ApacheHttpClient.sendEvent(516) - responseCode = 200
2019-11-03 15:02:52 INFO  ApacheHttpClient.sendEvent(516) - responseCode = 200
2019-11-03 15:03:52 INFO  ApacheHttpClient.sendEvent(516) - responseCode = 200
2019-11-03 15:04:52 INFO  ApacheHttpClient.sendEvent(516) - responseCode = 200
2019-11-03 15:05:52 INFO  ApacheHttpClient.sendEvent(516) - responseCode = 200
2019-11-03 15:06:52 INFO  ApacheHttpClient.sendEvent(516) - responseCode = 200
2019-11-03 15:07:52 INFO  ApacheHttpClient.sendEvent(516) - responseCode = 200
2019-11-03 15:08:52 INFO  ApacheHttpClient.sendEvent(516) - responseCode = 200
2019-11-03 15:09:52 INFO  ApacheHttpClient.sendEvent(516) - responseCode = 200
2019-11-03 15:10:52 INFO  ApacheHttpClient.sendEvent(516) - responseCode = 200
2019-11-03 15:11:52 INFO  ApacheHttpClient.sendEvent(516) - responseCode = 200
2019-11-03 15:12:52 INFO  ApacheHttpClient.sendEvent(516) - responseCode = 200
2019-11-03 15:13:52 INFO  ApacheHttpClient.sendEvent(516) - responseCode = 200
2019-11-03 15:14:52 INFO  ApacheHttpClient.sendEvent(516) - responseCode = 200
2019-11-03 15:15:52 INFO  ApacheHttpClient.sendEvent(516) - responseCode = 200
2019-11-03 15:16:52 INFO  ApacheHttpClient.sendEvent(516) - responseCode = 200
2019-11-03 15:17:52 INFO  ApacheHttpClient.sendEvent(516) - responseCode = 200
2019-11-03 15:18:52 INFO  ApacheHttpClient.sendEvent(516) - responseCode = 200
2019-11-03 15:19:52 INFO  ApacheHttpClient.sendEvent(516) - responseCode = 200
2019-11-03 15:20:52 INFO  ApacheHttpClient.sendEvent(516) - responseCode = 200
2019-11-03 15:21:52 INFO  ApacheHttpClient.sendEvent(516) - responseCode = 200
2019-11-03 15:22:52 INFO  ApacheHttpClient.sendEvent(516) - responseCode = 200
2019-11-03 15:23:52 INFO  ApacheHttpClient.sendEvent(516) - responseCode = 200
2019-11-03 15:24:52 INFO  ApacheHttpClient.sendEvent(516) - responseCode = 200
2019-11-03 15:25:52 INFO  ApacheHttpClient.sendEvent(516) - responseCode = 200
2019-11-03 15:26:52 INFO  ApacheHttpClient.sendEvent(516) - responseCode = 200
2019-11-03 15:27:52 INFO  ApacheHttpClient.sendEvent(516) - responseCode = 200
2019-11-03 15:28:52 INFO  ApacheHttpClient.sendEvent(516) - responseCode = 200
2019-11-03 15:29:52 INFO  ApacheHttpClient.sendEvent(516) - responseCode = 200
2019-11-03 15:30:52 INFO  ApacheHttpClient.sendEvent(516) - responseCode = 200
2019-11-03 15:31:52 INFO  ApacheHttpClient.sendEvent(516) - responseCode = 200
2019-11-03 15:32:52 INFO  ApacheHttpClient.sendEvent(516) - responseCode = 200
2019-11-03 15:33:52 INFO  ApacheHttpClient.sendEvent(516) - responseCode = 200
2019-11-03 15:34:52 INFO  ApacheHttpClient.sendEvent(516) - responseCode = 200
2019-11-03 15:35:52 INFO  ApacheHttpClient.sendEvent(516) - responseCode = 200
2019-11-03 15:36:52 INFO  ApacheHttpClient.sendEvent(516) - responseCode = 200
2019-11-03 15:37:52 INFO  ApacheHttpClient.sendEvent(516) - responseCode = 200
2019-11-03 15:38:52 INFO  ApacheHttpClient.sendEvent(516) - responseCode = 200
2019-11-03 15:39:52 INFO  ApacheHttpClient.sendEvent(516) - responseCode = 200
2019-11-03 15:40:52 INFO  ApacheHttpClient.sendEvent(516) - responseCode = 200
2019-11-03 15:41:52 INFO  ApacheHttpClient.sendEvent(516) - responseCode = 200
2019-11-03 15:42:52 INFO  ApacheHttpClient.sendEvent(516) - responseCode = 200
2019-11-03 15:43:52 INFO  ApacheHttpClient.sendEvent(516) - responseCode = 200
2019-11-03 15:44:52 INFO  ApacheHttpClient.sendEvent(516) - responseCode = 200
2019-11-03 15:45:52 INFO  ApacheHttpClient.sendEvent(516) - responseCode = 200
2019-11-03 15:46:52 INFO  ApacheHttpClient.sendEvent(516) - responseCode = 200
2019-11-03 15:47:52 INFO  ApacheHttpClient.sendEvent(516) - responseCode = 200
2019-11-03 15:48:47 INFO  PluginTasksProjectComponent.projectClosing(188) - ---------- Project closed ----------

2019-11-03 15:48:47 INFO  ApacheHttpClient.getTask(469) - responseCode = 200
2019-11-13 20:08:26 INFO  PluginTasksProjectComponent.projectOpened(77) - ---------- Project opened ----------
2019-11-13 20:08:26 INFO  PluginTasksProjectComponent.projectOpened(78) - ---------- Version 3.35 ----------

2019-11-13 20:08:26 INFO  ApacheHttpClient.createAsyncHttpClient(133) - 1 proxies selected. Type: DIRECT
2019-11-13 20:08:27 INFO  ApacheHttpClient.<init>(91) - ApacheHttpClient was successfully instantiated.
2019-11-13 20:08:27 INFO  ApacheHttpClient.testConnection(191) - responseCode = 200
2019-11-13 20:08:27 INFO  ApacheHttpClient.testConnection(206) - result = true
2019-11-13 20:08:28 INFO  ApacheHttpClient.isSessionAppropriateWithSecretKey(583) - Waiting for server response.
2019-11-13 20:08:29 INFO  ApacheHttpClient.refreshUserInfo(291) - responseCode = 200
2019-11-13 20:08:29 INFO  ApacheHttpClient.refreshUserInfo(297) - User information received.
2019-11-13 20:08:29 INFO  ApacheHttpClient.startGA(35) - GAService started.
2019-11-13 20:08:29 INFO  AbstractRestApiClient.startService(71) - EventsService started.
2019-11-13 20:08:59 INFO  ApacheHttpClient.getWebResourceAsStream(483) - responseCode = 200
2019-11-13 20:09:30 INFO  ApacheHttpClient.sendEvent(516) - responseCode = 200
2019-11-13 20:10:29 INFO  ApacheHttpClient.sendEvent(516) - responseCode = 200
2019-11-13 20:11:29 INFO  ApacheHttpClient.sendEvent(516) - responseCode = 200
2019-11-13 20:12:30 INFO  ApacheHttpClient.sendEvent(516) - responseCode = 200
2019-11-13 20:13:30 INFO  ApacheHttpClient.sendEvent(516) - responseCode = 200
2019-11-13 20:14:29 INFO  ApacheHttpClient.sendEvent(516) - responseCode = 200
2019-11-13 20:15:29 INFO  ApacheHttpClient.sendEvent(516) - responseCode = 200
2019-11-13 20:16:29 INFO  ApacheHttpClient.sendEvent(516) - responseCode = 200
2019-11-13 20:17:29 INFO  ApacheHttpClient.sendEvent(516) - responseCode = 200
2019-11-13 20:18:30 INFO  ApacheHttpClient.sendEvent(516) - responseCode = 200
2019-11-13 20:19:29 INFO  ApacheHttpClient.sendEvent(516) - responseCode = 200
2019-11-13 20:20:29 INFO  ApacheHttpClient.sendEvent(516) - responseCode = 200
2019-11-13 20:21:29 INFO  ApacheHttpClient.sendEvent(516) - responseCode = 200
2019-11-13 20:22:29 INFO  ApacheHttpClient.sendEvent(516) - responseCode = 200
2019-11-13 20:23:29 INFO  ApacheHttpClient.sendEvent(516) - responseCode = 200
2019-11-13 20:24:29 INFO  ApacheHttpClient.sendEvent(516) - responseCode = 200
2019-11-13 20:25:30 INFO  ApacheHttpClient.sendEvent(516) - responseCode = 200
2019-11-13 20:26:29 INFO  ApacheHttpClient.sendEvent(516) - responseCode = 200
2019-11-13 20:27:29 INFO  ApacheHttpClient.sendEvent(516) - responseCode = 200
2019-11-13 20:28:29 INFO  ApacheHttpClient.sendEvent(516) - responseCode = 200
2019-11-13 20:29:29 INFO  ApacheHttpClient.sendEvent(516) - responseCode = 200
2019-11-13 20:30:30 INFO  ApacheHttpClient.sendEvent(516) - responseCode = 200
2019-11-13 20:31:29 INFO  ApacheHttpClient.sendEvent(516) - responseCode = 200
2019-11-13 20:32:29 INFO  ApacheHttpClient.sendEvent(516) - responseCode = 200
2019-11-13 20:33:29 INFO  ApacheHttpClient.sendEvent(516) - responseCode = 200
2019-11-13 20:34:29 INFO  ApacheHttpClient.sendEvent(516) - responseCode = 200
2019-11-13 20:35:29 INFO  ApacheHttpClient.sendEvent(516) - responseCode = 200
2019-11-13 20:36:29 INFO  ApacheHttpClient.sendEvent(516) - responseCode = 200
2019-11-13 20:37:29 INFO  ApacheHttpClient.sendEvent(516) - responseCode = 200
2019-11-13 20:38:30 INFO  ApacheHttpClient.sendEvent(516) - responseCode = 200
2019-11-13 20:39:29 INFO  ApacheHttpClient.sendEvent(516) - responseCode = 200
2019-11-13 20:40:29 INFO  ApacheHttpClient.sendEvent(516) - responseCode = 200
2019-11-13 20:41:30 INFO  ApacheHttpClient.sendEvent(516) - responseCode = 200
2019-11-13 20:42:29 INFO  ApacheHttpClient.sendEvent(516) - responseCode = 200
2019-11-13 20:43:29 INFO  ApacheHttpClient.sendEvent(516) - responseCode = 200
2019-11-13 20:44:29 INFO  ApacheHttpClient.sendEvent(516) - responseCode = 200
2019-11-13 20:45:29 INFO  ApacheHttpClient.sendEvent(516) - responseCode = 200
2019-11-13 20:46:29 INFO  ApacheHttpClient.sendEvent(516) - responseCode = 200
2019-11-13 20:47:29 INFO  ApacheHttpClient.sendEvent(516) - responseCode = 200
2019-11-13 20:48:30 INFO  ApacheHttpClient.sendEvent(516) - responseCode = 200
2019-11-13 20:49:30 INFO  ApacheHttpClient.sendEvent(516) - responseCode = 200
2019-11-13 20:50:29 INFO  ApacheHttpClient.sendEvent(516) - responseCode = 200
2019-11-13 20:51:29 INFO  ApacheHttpClient.sendEvent(516) - responseCode = 200
2019-11-13 20:52:29 INFO  ApacheHttpClient.sendEvent(516) - responseCode = 200
2019-11-13 20:53:29 INFO  ApacheHttpClient.sendEvent(516) - responseCode = 200
2019-11-13 20:54:29 INFO  ApacheHttpClient.sendEvent(516) - responseCode = 200
2019-11-13 20:55:29 INFO  ApacheHttpClient.sendEvent(516) - responseCode = 200
2019-11-13 20:56:29 INFO  ApacheHttpClient.sendEvent(516) - responseCode = 200
2019-11-13 20:57:29 INFO  ApacheHttpClient.sendEvent(516) - responseCode = 200
2019-11-13 20:58:30 INFO  ApacheHttpClient.sendEvent(516) - responseCode = 200
2019-11-13 20:59:30 INFO  ApacheHttpClient.sendEvent(516) - responseCode = 200
2019-11-13 21:00:29 INFO  ApacheHttpClient.sendEvent(516) - responseCode = 200
2019-11-13 21:01:29 INFO  ApacheHttpClient.sendEvent(516) - responseCode = 200
2019-11-13 21:02:29 INFO  ApacheHttpClient.sendEvent(516) - responseCode = 200
2019-11-13 21:03:29 INFO  ApacheHttpClient.sendEvent(516) - responseCode = 200
2019-11-13 21:04:29 INFO  ApacheHttpClient.sendEvent(516) - responseCode = 200
2019-11-13 21:05:29 INFO  ApacheHttpClient.sendEvent(516) - responseCode = 200
2019-11-13 21:06:30 INFO  ApacheHttpClient.sendEvent(516) - responseCode = 200
2019-11-13 21:07:29 INFO  ApacheHttpClient.sendEvent(516) - responseCode = 200
2019-11-13 21:08:29 INFO  ApacheHttpClient.sendEvent(516) - responseCode = 200
2019-11-13 21:09:30 INFO  ApacheHttpClient.sendEvent(516) - responseCode = 200
2019-11-13 21:10:29 INFO  ApacheHttpClient.sendEvent(516) - responseCode = 200
2019-11-13 21:11:30 INFO  ApacheHttpClient.sendEvent(516) - responseCode = 200
2019-11-13 21:12:29 INFO  ApacheHttpClient.sendEvent(516) - responseCode = 200
2019-11-13 21:13:29 INFO  ApacheHttpClient.sendEvent(516) - responseCode = 200
2019-11-13 21:14:29 INFO  ApacheHttpClient.sendEvent(516) - responseCode = 200
2019-11-13 21:15:29 INFO  ApacheHttpClient.sendEvent(516) - responseCode = 200
2019-11-13 21:16:30 INFO  ApacheHttpClient.sendEvent(516) - responseCode = 200
2019-11-13 21:17:30 INFO  ApacheHttpClient.sendEvent(516) - responseCode = 200
2019-11-13 21:18:29 INFO  ApacheHttpClient.sendEvent(516) - responseCode = 200
2019-11-13 21:19:30 INFO  ApacheHttpClient.sendEvent(516) - responseCode = 200
2019-11-13 21:20:29 INFO  ApacheHttpClient.sendEvent(516) - responseCode = 200
2019-11-13 21:21:29 INFO  ApacheHttpClient.sendEvent(516) - responseCode = 200
2019-11-13 21:22:29 INFO  ApacheHttpClient.sendEvent(516) - responseCode = 200
2019-11-13 21:23:29 INFO  ApacheHttpClient.sendEvent(516) - responseCode = 200
2019-11-13 21:24:29 INFO  ApacheHttpClient.sendEvent(516) - responseCode = 200
2019-11-13 21:25:29 INFO  ApacheHttpClient.sendEvent(516) - responseCode = 200
2019-11-13 21:26:29 INFO  ApacheHttpClient.sendEvent(516) - responseCode = 200
2019-11-13 21:27:30 INFO  ApacheHttpClient.sendEvent(516) - responseCode = 200
2019-11-13 21:28:29 INFO  ApacheHttpClient.sendEvent(516) - responseCode = 200
2019-11-13 21:29:30 INFO  ApacheHttpClient.sendEvent(516) - responseCode = 200
2019-11-13 21:30:30 INFO  ApacheHttpClient.sendEvent(516) - responseCode = 200
2019-11-13 21:31:30 INFO  ApacheHttpClient.sendEvent(516) - responseCode = 200
2019-11-13 21:32:29 INFO  ApacheHttpClient.sendEvent(516) - responseCode = 200
2019-11-13 21:33:29 INFO  ApacheHttpClient.sendEvent(516) - responseCode = 200
2019-11-13 21:34:29 INFO  ApacheHttpClient.sendEvent(516) - responseCode = 200
2019-11-13 21:35:29 INFO  ApacheHttpClient.sendEvent(516) - responseCode = 200
2019-11-13 21:36:29 INFO  ApacheHttpClient.sendEvent(516) - responseCode = 200
2019-11-13 21:37:29 INFO  ApacheHttpClient.sendEvent(516) - responseCode = 200
2019-11-13 21:38:30 INFO  ApacheHttpClient.sendEvent(516) - responseCode = 200
2019-11-13 21:39:29 INFO  ApacheHttpClient.sendEvent(516) - responseCode = 200
2019-11-13 21:40:29 INFO  ApacheHttpClient.sendEvent(516) - responseCode = 200
2019-11-13 21:41:29 INFO  ApacheHttpClient.sendEvent(516) - responseCode = 200
2019-11-13 21:42:30 INFO  ApacheHttpClient.sendEvent(516) - responseCode = 200
2019-11-13 21:43:29 INFO  ApacheHttpClient.sendEvent(516) - responseCode = 200
2019-11-13 21:44:29 INFO  ApacheHttpClient.sendEvent(516) - responseCode = 200
2019-11-13 21:45:30 INFO  ApacheHttpClient.sendEvent(516) - responseCode = 200
2019-11-13 21:46:29 INFO  ApacheHttpClient.sendEvent(516) - responseCode = 200
2019-11-13 21:47:30 INFO  ApacheHttpClient.sendEvent(516) - responseCode = 200
2019-11-13 21:48:29 INFO  ApacheHttpClient.sendEvent(516) - responseCode = 200
2019-11-13 21:49:29 INFO  ApacheHttpClient.sendEvent(516) - responseCode = 200
2019-11-13 21:50:29 INFO  ApacheHttpClient.sendEvent(516) - responseCode = 200
2019-11-13 21:51:29 INFO  ApacheHttpClient.sendEvent(516) - responseCode = 200
2019-11-13 21:52:29 INFO  ApacheHttpClient.sendEvent(516) - responseCode = 200
2019-11-13 21:53:29 INFO  ApacheHttpClient.sendEvent(516) - responseCode = 200
2019-11-13 21:54:29 INFO  ApacheHttpClient.sendEvent(516) - responseCode = 200
2019-11-13 21:55:29 INFO  ApacheHttpClient.sendEvent(516) - responseCode = 200
2019-11-13 21:56:29 INFO  ApacheHttpClient.sendEvent(516) - responseCode = 200
2019-11-13 21:57:29 INFO  ApacheHttpClient.sendEvent(516) - responseCode = 200
2019-11-13 21:58:29 INFO  ApacheHttpClient.sendEvent(516) - responseCode = 200
2019-11-13 21:59:29 INFO  ApacheHttpClient.sendEvent(516) - responseCode = 200
2019-11-13 22:00:29 INFO  ApacheHttpClient.sendEvent(516) - responseCode = 200
2019-11-13 22:01:30 INFO  ApacheHttpClient.sendEvent(516) - responseCode = 200
2019-11-13 22:02:29 INFO  ApacheHttpClient.sendEvent(516) - responseCode = 200
2019-11-13 22:03:29 INFO  ApacheHttpClient.sendEvent(516) - responseCode = 200
2019-11-13 22:04:29 INFO  ApacheHttpClient.sendEvent(516) - responseCode = 200
2019-11-13 22:05:30 INFO  ApacheHttpClient.sendEvent(516) - responseCode = 200
2019-11-13 22:06:29 INFO  ApacheHttpClient.sendEvent(516) - responseCode = 200
2019-11-13 22:07:29 INFO  ApacheHttpClient.sendEvent(516) - responseCode = 200
2019-11-13 22:08:29 INFO  ApacheHttpClient.sendEvent(516) - responseCode = 200
2019-11-13 22:09:29 INFO  ApacheHttpClient.sendEvent(516) - responseCode = 200
2019-11-13 22:10:29 INFO  ApacheHttpClient.sendEvent(516) - responseCode = 200
2019-11-13 22:11:29 INFO  ApacheHttpClient.sendEvent(516) - responseCode = 200
2019-11-13 22:12:29 INFO  ApacheHttpClient.sendEvent(516) - responseCode = 200
2019-11-13 22:13:29 INFO  ApacheHttpClient.sendEvent(516) - responseCode = 200
2019-11-13 22:14:29 INFO  ApacheHttpClient.sendEvent(516) - responseCode = 200
2019-11-13 22:15:29 INFO  ApacheHttpClient.sendEvent(516) - responseCode = 200
2019-11-13 22:16:29 INFO  ApacheHttpClient.sendEvent(516) - responseCode = 200
2019-11-13 22:17:30 INFO  ApacheHttpClient.sendEvent(516) - responseCode = 200
2019-11-13 22:18:30 INFO  ApacheHttpClient.sendEvent(516) - responseCode = 200
2019-11-13 22:19:29 INFO  ApacheHttpClient.sendEvent(516) - responseCode = 200
2019-11-13 22:20:29 INFO  ApacheHttpClient.sendEvent(516) - responseCode = 200
2019-11-13 22:21:30 INFO  ApacheHttpClient.sendEvent(516) - responseCode = 200
2019-11-13 22:22:29 INFO  ApacheHttpClient.sendEvent(516) - responseCode = 200
2019-11-13 22:23:29 INFO  ApacheHttpClient.sendEvent(516) - responseCode = 200
2019-11-13 22:24:29 INFO  ApacheHttpClient.sendEvent(516) - responseCode = 200
2019-11-13 22:25:29 INFO  ApacheHttpClient.sendEvent(516) - responseCode = 200
2019-11-13 22:26:29 INFO  ApacheHttpClient.sendEvent(516) - responseCode = 200
2019-11-13 22:27:29 INFO  ApacheHttpClient.sendEvent(516) - responseCode = 200
2019-11-13 22:28:30 INFO  ApacheHttpClient.sendEvent(516) - responseCode = 200
2019-11-13 22:29:29 INFO  ApacheHttpClient.sendEvent(516) - responseCode = 200
2019-11-13 22:30:30 INFO  ApacheHttpClient.sendEvent(516) - responseCode = 200
2019-11-13 22:31:30 INFO  ApacheHttpClient.sendEvent(516) - responseCode = 200
2019-11-13 22:32:30 INFO  ApacheHttpClient.sendEvent(516) - responseCode = 200
2019-11-13 22:33:29 INFO  ApacheHttpClient.sendEvent(516) - responseCode = 200
2019-11-13 22:34:30 INFO  ApacheHttpClient.sendEvent(516) - responseCode = 200
2019-11-13 22:35:29 INFO  ApacheHttpClient.sendEvent(516) - responseCode = 200
2019-11-13 22:36:29 INFO  ApacheHttpClient.sendEvent(516) - responseCode = 200
2019-11-13 22:37:29 INFO  ApacheHttpClient.sendEvent(516) - responseCode = 200
2019-11-13 22:38:29 INFO  ApacheHttpClient.sendEvent(516) - responseCode = 200
2019-11-13 22:39:29 INFO  ApacheHttpClient.sendEvent(516) - responseCode = 200
2019-11-13 22:39:40 INFO  PluginTasksProjectComponent.projectClosing(188) - ---------- Project closed ----------

2019-11-13 22:39:41 INFO  ApacheHttpClient.getTask(469) - responseCode = 200
2019-12-04 19:15:26 INFO  PluginTasksProjectComponent.projectOpened(77) - ---------- Project opened ----------
2019-12-04 19:15:26 INFO  PluginTasksProjectComponent.projectOpened(78) - ---------- Version 3.35 ----------

2019-12-04 19:15:26 INFO  ApacheHttpClient.createAsyncHttpClient(133) - 1 proxies selected. Type: DIRECT
2019-12-04 19:15:26 INFO  ApacheHttpClient.<init>(91) - ApacheHttpClient was successfully instantiated.
2019-12-04 19:15:27 INFO  ApacheHttpClient.testConnection(191) - responseCode = 200
2019-12-04 19:15:27 INFO  ApacheHttpClient.testConnection(206) - result = true
2019-12-04 19:15:28 INFO  ApacheHttpClient.isSessionAppropriateWithSecretKey(583) - Waiting for server response.
2019-12-04 19:15:28 INFO  ApacheHttpClient.isSessionAppropriateWithSecretKey(583) - Waiting for server response.
2019-12-04 19:15:30 INFO  ApacheHttpClient.refreshUserInfo(291) - responseCode = 200
2019-12-04 19:15:30 INFO  ApacheHttpClient.refreshUserInfo(297) - User information received.
2019-12-04 19:15:30 INFO  ApacheHttpClient.startGA(35) - GAService started.
2019-12-04 19:15:30 INFO  AbstractRestApiClient.startService(71) - EventsService started.
2019-12-04 19:15:59 INFO  ApacheHttpClient.getWebResourceAsStream(483) - responseCode = 200
2019-12-04 19:16:30 INFO  ApacheHttpClient.sendEvent(516) - responseCode = 200
2019-12-04 19:17:31 INFO  ApacheHttpClient.sendEvent(516) - responseCode = 200
2019-12-04 19:17:31 INFO  ApacheHttpClient.sendEvent(516) - responseCode = 200
2019-12-04 19:18:30 INFO  ApacheHttpClient.sendEvent(516) - responseCode = 200
2019-12-04 19:19:32 INFO  PluginTasksProjectComponent.projectClosing(188) - ---------- Project closed ----------

2019-12-04 19:19:33 INFO  ApacheHttpClient.getTask(469) - responseCode = 200
2019-12-04 19:19:33 INFO  ApacheHttpClient.getTask(469) - responseCode = 200
2019-12-04 19:19:33 INFO  ApacheHttpClient.getTask(469) - responseCode = 200
2019-12-07 16:35:21 INFO  PluginTasksProjectComponent.projectOpened(77) - ---------- Project opened ----------
2019-12-07 16:35:21 INFO  PluginTasksProjectComponent.projectOpened(78) - ---------- Version 3.35 ----------

2019-12-07 16:35:22 INFO  ApacheHttpClient.createAsyncHttpClient(133) - 1 proxies selected. Type: DIRECT
2019-12-07 16:35:22 INFO  ApacheHttpClient.<init>(91) - ApacheHttpClient was successfully instantiated.
2019-12-07 16:35:23 INFO  ApacheHttpClient.testConnection(191) - responseCode = 200
2019-12-07 16:35:23 INFO  ApacheHttpClient.testConnection(206) - result = true
2019-12-07 16:35:23 INFO  ApacheHttpClient.isSessionAppropriateWithSecretKey(583) - Waiting for server response.
2019-12-07 16:35:25 INFO  ApacheHttpClient.refreshUserInfo(291) - responseCode = 200
2019-12-07 16:35:25 INFO  ApacheHttpClient.refreshUserInfo(297) - User information received.
2019-12-07 16:35:25 INFO  ApacheHttpClient.startGA(35) - GAService started.
2019-12-07 16:35:25 INFO  AbstractRestApiClient.startService(71) - EventsService started.
2019-12-07 17:00:10 INFO  PluginTasksProjectComponent.projectClosing(188) - ---------- Project closed ----------

2020-01-28 20:58:12 INFO  PluginTasksProjectComponent.projectOpened(77) - ---------- Project opened ----------
2020-01-28 20:58:12 INFO  PluginTasksProjectComponent.projectOpened(78) - ---------- Version 3.35 ----------

2020-01-28 20:58:13 INFO  ApacheHttpClient.createAsyncHttpClient(133) - 1 proxies selected. Type: DIRECT
2020-01-28 20:58:13 INFO  ApacheHttpClient.<init>(91) - ApacheHttpClient was successfully instantiated.
2020-01-28 20:58:14 INFO  ApacheHttpClient.testConnection(191) - responseCode = 200
2020-01-28 20:58:14 INFO  ApacheHttpClient.testConnection(206) - result = true
2020-01-28 20:58:14 INFO  ApacheHttpClient.isSessionAppropriateWithSecretKey(583) - Waiting for server response.
2020-01-28 20:58:14 INFO  ApacheHttpClient.refreshUserInfo(291) - responseCode = 200
2020-01-28 20:58:15 INFO  ApacheHttpClient.refreshUserInfo(297) - User information received.
2020-01-28 20:58:15 INFO  ApacheHttpClient.startGA(35) - GAService started.
2020-01-28 20:58:15 INFO  AbstractRestApiClient.startService(71) - EventsService started.
